app/Copia de android13/platforms/android/app/build/intermediates/manifest_merge_blame_file/release/manifest-merger-blame-release-report.txt
1<?xml version="1.0" encoding="utf-8"?>
2<manifest xmlns:android="http://schemas.android.com/apk/res/android"
3    package="com.woolis.app"
4    android:hardwareAccelerated="true"
5    android:versionCode="10035"
6    android:versionName="1.0.35" >
7
8    <uses-sdk
9        android:minSdkVersion="22"
9-->src/main/AndroidManifest.xml
10        android:targetSdkVersion="33" />
10-->src/main/AndroidManifest.xml
11
12    <supports-screens
12-->src/main/AndroidManifest.xml:3:5-191
13        android:anyDensity="true"
13-->src/main/AndroidManifest.xml:3:23-48
14        android:largeScreens="true"
14-->src/main/AndroidManifest.xml:3:49-76
15        android:normalScreens="true"
15-->src/main/AndroidManifest.xml:3:77-105
16        android:resizeable="true"
16-->src/main/AndroidManifest.xml:3:106-131
17        android:smallScreens="true"
17-->src/main/AndroidManifest.xml:3:132-159
18        android:xlargeScreens="true" />
18-->src/main/AndroidManifest.xml:3:160-188
19
20    <uses-permission android:name="android.permission.INTERNET" />
20-->src/main/AndroidManifest.xml:4:5-67
20-->src/main/AndroidManifest.xml:4:22-64
21    <uses-permission android:name="android.permission.CALL_PHONE" />
21-->src/main/AndroidManifest.xml:32:5-69
21-->src/main/AndroidManifest.xml:32:22-66
22
23    <uses-feature
23-->src/main/AndroidManifest.xml:33:5-88
24        android:name="android.hardware.telephony"
24-->src/main/AndroidManifest.xml:33:19-60
25        android:required="false" />
25-->src/main/AndroidManifest.xml:33:61-85
26
27    <uses-permission
27-->src/main/AndroidManifest.xml:34:5-108
28        android:name="android.permission.WRITE_EXTERNAL_STORAGE"
28-->src/main/AndroidManifest.xml:34:49-105
29        android:maxSdkVersion="32" />
29-->src/main/AndroidManifest.xml:34:22-48
30    <uses-permission android:name="android.permission.READ_MEDIA_IMAGES" />
30-->src/main/AndroidManifest.xml:35:5-76
30-->src/main/AndroidManifest.xml:35:22-73
31    <uses-permission android:name="android.permission.READ_MEDIA_VIDEO" />
31-->src/main/AndroidManifest.xml:36:5-75
31-->src/main/AndroidManifest.xml:36:22-72
32
33    <queries>
33-->src/main/AndroidManifest.xml:37:5-51:15
34        <intent>
34-->src/main/AndroidManifest.xml:38:9-40:18
35            <action android:name="android.media.action.IMAGE_CAPTURE" />
35-->src/main/AndroidManifest.xml:39:13-73
35-->src/main/AndroidManifest.xml:39:21-70
36        </intent>
37        <intent>
37-->src/main/AndroidManifest.xml:41:9-43:18
38            <action android:name="android.intent.action.GET_CONTENT" />
38-->src/main/AndroidManifest.xml:42:13-72
38-->src/main/AndroidManifest.xml:42:21-69
39        </intent>
40        <intent>
40-->src/main/AndroidManifest.xml:44:9-46:18
41            <action android:name="android.intent.action.PICK" />
41-->src/main/AndroidManifest.xml:45:13-65
41-->src/main/AndroidManifest.xml:45:21-62
42        </intent>
43        <intent>
43-->src/main/AndroidManifest.xml:47:9-50:18
44            <action android:name="com.android.camera.action.CROP" />
44-->src/main/AndroidManifest.xml:48:13-69
44-->src/main/AndroidManifest.xml:48:21-66
45
46            <data
46-->src/main/AndroidManifest.xml:49:13-73
47                android:mimeType="image/*"
47-->src/main/AndroidManifest.xml:49:19-45
48                android:scheme="content" />
48-->src/main/AndroidManifest.xml:49:46-70
49        </intent>
50        <intent>
50-->[com.google.firebase:firebase-inappmessaging-display:20.3.2] AndroidManifest.xml:13:9-17:18
51            <action android:name="android.intent.action.VIEW" />
51-->[com.google.firebase:firebase-inappmessaging-display:20.3.2] AndroidManifest.xml:14:13-65
51-->[com.google.firebase:firebase-inappmessaging-display:20.3.2] AndroidManifest.xml:14:21-62
52
53            <data android:scheme="https" />
53-->src/main/AndroidManifest.xml:49:13-73
53-->src/main/AndroidManifest.xml:49:46-70
54        </intent>
55    </queries>
56
57    <uses-permission android:name="android.permission.ACCESS_NETWORK_STATE" />
57-->src/main/AndroidManifest.xml:52:5-79
57-->src/main/AndroidManifest.xml:52:22-76
58    <uses-permission android:name="android.permission.WAKE_LOCK" />
58-->src/main/AndroidManifest.xml:53:5-68
58-->src/main/AndroidManifest.xml:53:22-65
59    <uses-permission android:name="android.permission.ACCESS_COARSE_LOCATION" />
59-->src/main/AndroidManifest.xml:54:5-81
59-->src/main/AndroidManifest.xml:54:22-78
60    <uses-permission android:name="android.permission.ACCESS_FINE_LOCATION" />
60-->src/main/AndroidManifest.xml:55:5-79
60-->src/main/AndroidManifest.xml:55:22-76
61
62    <uses-feature
62-->src/main/AndroidManifest.xml:56:5-90
63        android:name="android.hardware.location.gps"
63-->src/main/AndroidManifest.xml:56:19-63
64        android:required="true" />
64-->src/main/AndroidManifest.xml:56:64-87
65
66    <uses-permission android:name="android.permission.RECORD_AUDIO" />
66-->src/main/AndroidManifest.xml:57:5-71
66-->src/main/AndroidManifest.xml:57:22-68
67    <uses-permission android:name="android.permission.MODIFY_AUDIO_SETTINGS" />
67-->src/main/AndroidManifest.xml:58:5-80
67-->src/main/AndroidManifest.xml:58:22-77
68    <uses-permission android:name="android.permission.CAMERA" />
68-->src/main/AndroidManifest.xml:59:5-65
68-->src/main/AndroidManifest.xml:59:22-62
69    <uses-permission android:name="android.permission.FLASHLIGHT" />
69-->src/main/AndroidManifest.xml:60:5-69
69-->src/main/AndroidManifest.xml:60:22-66
70
71    <uses-feature
71-->src/main/AndroidManifest.xml:61:5-84
72        android:name="android.hardware.camera"
72-->src/main/AndroidManifest.xml:61:19-57
73        android:required="true" />
73-->src/main/AndroidManifest.xml:61:58-81
74    <!-- Required by older versions of Google Play services to create IID tokens -->
75    <uses-permission android:name="com.google.android.c2dm.permission.RECEIVE" />
75-->[com.google.firebase:firebase-iid:21.1.0] AndroidManifest.xml:26:5-82
75-->[com.google.firebase:firebase-iid:21.1.0] AndroidManifest.xml:26:22-79
76    <uses-permission android:name="android.permission.POST_NOTIFICATIONS" />
76-->[com.google.firebase:firebase-messaging:23.1.2] AndroidManifest.xml:25:5-77
76-->[com.google.firebase:firebase-messaging:23.1.2] AndroidManifest.xml:25:22-74
77    <uses-permission android:name="com.google.android.finsky.permission.BIND_GET_INSTALL_REFERRER_SERVICE" />
77-->[com.google.android.gms:play-services-measurement:21.2.2] AndroidManifest.xml:26:5-110
77-->[com.google.android.gms:play-services-measurement:21.2.2] AndroidManifest.xml:26:22-107
78    <uses-permission android:name="com.google.android.gms.permission.AD_ID" />
78-->[com.google.android.gms:play-services-measurement-api:21.2.2] AndroidManifest.xml:25:5-79
78-->[com.google.android.gms:play-services-measurement-api:21.2.2] AndroidManifest.xml:25:22-76
79
80    <permission
80-->[androidx.core:core:1.9.0] AndroidManifest.xml:22:5-24:47
81        android:name="com.woolis.app.DYNAMIC_RECEIVER_NOT_EXPORTED_PERMISSION"
81-->[androidx.core:core:1.9.0] AndroidManifest.xml:23:9-81
82        android:protectionLevel="signature" />
82-->[androidx.core:core:1.9.0] AndroidManifest.xml:24:9-44
83
84    <uses-permission android:name="com.woolis.app.DYNAMIC_RECEIVER_NOT_EXPORTED_PERMISSION" />
84-->[androidx.core:core:1.9.0] AndroidManifest.xml:26:5-97
84-->[androidx.core:core:1.9.0] AndroidManifest.xml:26:22-94
85
86    <application
86-->src/main/AndroidManifest.xml:5:5-31:19
87        android:name="androidx.multidex.MultiDexApplication"
87-->src/main/AndroidManifest.xml:5:121-173
88        android:appComponentFactory="androidx.core.app.CoreComponentFactory"
88-->[androidx.core:core:1.9.0] AndroidManifest.xml:28:18-86
89        android:hardwareAccelerated="true"
89-->src/main/AndroidManifest.xml:5:18-52
90        android:icon="@mipmap/ic_launcher"
90-->src/main/AndroidManifest.xml:5:53-87
91        android:label="@string/app_name"
91-->src/main/AndroidManifest.xml:5:88-120
92        android:supportsRtl="true" >
92-->src/main/AndroidManifest.xml:5:174-200
93        <activity
93-->src/main/AndroidManifest.xml:6:9-11:20
94            android:name="com.woolis.app.MainActivity"
94-->src/main/AndroidManifest.xml:6:229-256
95            android:configChanges="orientation|keyboardHidden|keyboard|screenSize|locale|smallestScreenSize|screenLayout|uiMode"
95-->src/main/AndroidManifest.xml:6:19-135
96            android:exported="true"
96-->src/main/AndroidManifest.xml:6:136-159
97            android:label="@string/activity_name"
97-->src/main/AndroidManifest.xml:6:160-197
98            android:launchMode="singleTop"
98-->src/main/AndroidManifest.xml:6:198-228
99            android:screenOrientation="portrait"
99-->src/main/AndroidManifest.xml:6:257-293
100            android:theme="@style/Theme.App.SplashScreen"
100-->src/main/AndroidManifest.xml:6:294-339
101            android:windowSoftInputMode="adjustResize" >
101-->src/main/AndroidManifest.xml:6:340-382
102            <intent-filter android:label="@string/launcher_name" >
102-->src/main/AndroidManifest.xml:7:13-10:29
102-->src/main/AndroidManifest.xml:7:28-65
103                <action android:name="android.intent.action.MAIN" />
103-->src/main/AndroidManifest.xml:8:17-69
103-->src/main/AndroidManifest.xml:8:25-66
104
105                <category android:name="android.intent.category.LAUNCHER" />
105-->src/main/AndroidManifest.xml:9:17-77
105-->src/main/AndroidManifest.xml:9:27-74
106            </intent-filter>
107        </activity>
108
109        <provider
110            android:name="org.apache.cordova.camera.FileProvider"
110-->src/main/AndroidManifest.xml:12:149-202
111            android:authorities="com.woolis.app.cordova.plugin.camera.provider"
111-->src/main/AndroidManifest.xml:12:19-88
112            android:exported="false"
112-->src/main/AndroidManifest.xml:12:89-113
113            android:grantUriPermissions="true" >
113-->src/main/AndroidManifest.xml:12:114-148
114            <meta-data
114-->src/main/AndroidManifest.xml:13:13-123
115                android:name="android.support.FILE_PROVIDER_PATHS"
115-->src/main/AndroidManifest.xml:13:24-74
116                android:resource="@xml/camera_provider_paths" />
116-->src/main/AndroidManifest.xml:13:75-120
117        </provider>
118
119        <service
119-->src/main/AndroidManifest.xml:15:9-140
120            android:name="com.google.android.gms.measurement.AppMeasurementService"
120-->src/main/AndroidManifest.xml:15:66-137
121            android:enabled="true"
121-->src/main/AndroidManifest.xml:15:18-40
122            android:exported="false" />
122-->src/main/AndroidManifest.xml:15:41-65
123        <service
123-->src/main/AndroidManifest.xml:16:9-20:19
124            android:name="org.apache.cordova.firebase.FirebasePluginMessagingService"
124-->src/main/AndroidManifest.xml:16:43-116
125            android:exported="false" >
125-->src/main/AndroidManifest.xml:16:18-42
126            <intent-filter>
126-->src/main/AndroidManifest.xml:17:13-19:29
127                <action android:name="com.google.firebase.MESSAGING_EVENT" />
127-->src/main/AndroidManifest.xml:18:17-78
127-->src/main/AndroidManifest.xml:18:25-75
128            </intent-filter>
129        </service>
130
131        <receiver android:name="org.apache.cordova.firebase.OnNotificationOpenReceiver" />
131-->src/main/AndroidManifest.xml:21:9-91
131-->src/main/AndroidManifest.xml:21:19-88
132
133        <activity
133-->src/main/AndroidManifest.xml:22:9-262
134            android:name="org.apache.cordova.firebase.OnNotificationReceiverActivity"
134-->src/main/AndroidManifest.xml:22:77-150
135            android:excludeFromRecents="true"
135-->src/main/AndroidManifest.xml:22:19-52
136            android:exported="true"
136-->src/main/AndroidManifest.xml:22:53-76
137            android:noHistory="true"
137-->src/main/AndroidManifest.xml:22:151-175
138            android:taskAffinity=""
138-->src/main/AndroidManifest.xml:22:176-199
139            android:theme="@android:style/Theme.Translucent.NoTitleBar" />
139-->src/main/AndroidManifest.xml:22:200-259
140
141        <meta-data
141-->src/main/AndroidManifest.xml:23:9-127
142            android:name="com.google.firebase.messaging.default_notification_color"
142-->src/main/AndroidManifest.xml:23:20-91
143            android:resource="@color/accent" />
143-->src/main/AndroidManifest.xml:23:92-124
144        <meta-data
144-->src/main/AndroidManifest.xml:24:9-155
145            android:name="com.google.firebase.messaging.default_notification_channel_id"
145-->src/main/AndroidManifest.xml:24:20-96
146            android:value="@string/default_notification_channel_id" />
146-->src/main/AndroidManifest.xml:24:97-152
147        <meta-data
147-->src/main/AndroidManifest.xml:25:9-96
148            android:name="firebase_analytics_collection_enabled"
148-->src/main/AndroidManifest.xml:25:20-72
149            android:value="true" />
149-->src/main/AndroidManifest.xml:25:73-93
150        <meta-data
150-->src/main/AndroidManifest.xml:26:9-98
151            android:name="firebase_performance_collection_enabled"
151-->src/main/AndroidManifest.xml:26:20-74
152            android:value="true" />
152-->src/main/AndroidManifest.xml:26:75-95
153        <meta-data
153-->src/main/AndroidManifest.xml:27:9-98
154            android:name="firebase_crashlytics_collection_enabled"
154-->src/main/AndroidManifest.xml:27:20-74
155            android:value="true" />
155-->src/main/AndroidManifest.xml:27:75-95
156        <meta-data
156-->src/main/AndroidManifest.xml:28:9-95
157            android:name="firebase_messaging_auto_init_enabled"
157-->src/main/AndroidManifest.xml:28:20-71
158            android:value="true" />
158-->src/main/AndroidManifest.xml:28:72-92
159
160        <activity
160-->src/main/AndroidManifest.xml:29:9-311
161            android:name="com.google.zxing.client.android.CaptureActivity"
161-->src/main/AndroidManifest.xml:29:139-201
162            android:clearTaskOnLaunch="true"
162-->src/main/AndroidManifest.xml:29:19-51
163            android:configChanges="orientation|keyboardHidden|screenSize"
163-->src/main/AndroidManifest.xml:29:52-113
164            android:exported="false"
164-->src/main/AndroidManifest.xml:29:114-138
165            android:theme="@android:style/Theme.NoTitleBar.Fullscreen"
165-->src/main/AndroidManifest.xml:29:202-260
166            android:windowSoftInputMode="stateAlwaysHidden" />
166-->src/main/AndroidManifest.xml:29:261-308
167        <activity
167-->src/main/AndroidManifest.xml:30:9-112
168            android:name="com.google.zxing.client.android.encode.EncodeActivity"
168-->src/main/AndroidManifest.xml:30:41-109
169            android:label="Share" />
169-->src/main/AndroidManifest.xml:30:19-40
170
171        <service
171-->[com.google.firebase:firebase-perf:20.3.2] AndroidManifest.xml:13:9-19:19
172            android:name="com.google.firebase.components.ComponentDiscoveryService"
172-->[com.google.firebase:firebase-perf:20.3.2] AndroidManifest.xml:14:13-84
173            android:directBootAware="true"
173-->[com.google.firebase:firebase-common:20.3.2] AndroidManifest.xml:34:13-43
174            android:exported="false" >
174-->[com.google.firebase:firebase-perf:20.3.2] AndroidManifest.xml:15:13-37
175            <meta-data
175-->[com.google.firebase:firebase-perf:20.3.2] AndroidManifest.xml:16:13-18:85
176                android:name="com.google.firebase.components:com.google.firebase.perf.FirebasePerfRegistrar"
176-->[com.google.firebase:firebase-perf:20.3.2] AndroidManifest.xml:17:17-109
177                android:value="com.google.firebase.components.ComponentRegistrar" />
177-->[com.google.firebase:firebase-perf:20.3.2] AndroidManifest.xml:18:17-82
178            <meta-data
178-->[com.google.firebase:firebase-inappmessaging-display:20.3.2] AndroidManifest.xml:24:13-26:85
179                android:name="com.google.firebase.components:com.google.firebase.inappmessaging.display.FirebaseInAppMessagingDisplayRegistrar"
179-->[com.google.firebase:firebase-inappmessaging-display:20.3.2] AndroidManifest.xml:25:17-144
180                android:value="com.google.firebase.components.ComponentRegistrar" />
180-->[com.google.firebase:firebase-inappmessaging-display:20.3.2] AndroidManifest.xml:26:17-82
181            <meta-data
181-->[com.google.firebase:firebase-functions:20.3.0] AndroidManifest.xml:17:13-19:85
182                android:name="com.google.firebase.components:com.google.firebase.functions.FunctionsRegistrar"
182-->[com.google.firebase:firebase-functions:20.3.0] AndroidManifest.xml:18:17-111
183                android:value="com.google.firebase.components.ComponentRegistrar" />
183-->[com.google.firebase:firebase-functions:20.3.0] AndroidManifest.xml:19:17-82
184            <meta-data
184-->[com.google.firebase:firebase-iid:21.1.0] AndroidManifest.xml:32:13-34:85
185                android:name="com.google.firebase.components:com.google.firebase.iid.Registrar"
185-->[com.google.firebase:firebase-iid:21.1.0] AndroidManifest.xml:33:17-96
186                android:value="com.google.firebase.components.ComponentRegistrar" />
186-->[com.google.firebase:firebase-iid:21.1.0] AndroidManifest.xml:34:17-82
187            <meta-data
187-->[com.google.firebase:firebase-auth:22.0.0] AndroidManifest.xml:69:13-71:85
188                android:name="com.google.firebase.components:com.google.firebase.auth.FirebaseAuthRegistrar"
188-->[com.google.firebase:firebase-auth:22.0.0] AndroidManifest.xml:70:17-109
189                android:value="com.google.firebase.components.ComponentRegistrar" />
189-->[com.google.firebase:firebase-auth:22.0.0] AndroidManifest.xml:71:17-82
190            <meta-data
190-->[com.google.firebase:firebase-messaging:23.1.2] AndroidManifest.xml:55:13-57:85
191                android:name="com.google.firebase.components:com.google.firebase.messaging.FirebaseMessagingRegistrar"
191-->[com.google.firebase:firebase-messaging:23.1.2] AndroidManifest.xml:56:17-119
192                android:value="com.google.firebase.components.ComponentRegistrar" />
192-->[com.google.firebase:firebase-messaging:23.1.2] AndroidManifest.xml:57:17-82
193            <meta-data
193-->[com.google.firebase:firebase-firestore:24.6.0] AndroidManifest.xml:19:13-21:85
194                android:name="com.google.firebase.components:com.google.firebase.firestore.FirestoreRegistrar"
194-->[com.google.firebase:firebase-firestore:24.6.0] AndroidManifest.xml:20:17-111
195                android:value="com.google.firebase.components.ComponentRegistrar" />
195-->[com.google.firebase:firebase-firestore:24.6.0] AndroidManifest.xml:21:17-82
196            <meta-data
196-->[com.google.firebase:firebase-crashlytics-ndk:18.3.7] AndroidManifest.xml:34:13-36:85
197                android:name="com.google.firebase.components:com.google.firebase.crashlytics.ndk.CrashlyticsNdkRegistrar"
197-->[com.google.firebase:firebase-crashlytics-ndk:18.3.7] AndroidManifest.xml:35:17-122
198                android:value="com.google.firebase.components.ComponentRegistrar" />
198-->[com.google.firebase:firebase-crashlytics-ndk:18.3.7] AndroidManifest.xml:36:17-82
199            <meta-data
199-->[com.google.android.gms:play-services-measurement-api:21.2.2] AndroidManifest.xml:31:13-33:85
200                android:name="com.google.firebase.components:com.google.firebase.analytics.connector.internal.AnalyticsConnectorRegistrar"
200-->[com.google.android.gms:play-services-measurement-api:21.2.2] AndroidManifest.xml:32:17-139
201                android:value="com.google.firebase.components.ComponentRegistrar" />
201-->[com.google.android.gms:play-services-measurement-api:21.2.2] AndroidManifest.xml:33:17-82
202            <meta-data
202-->[com.google.firebase:firebase-config:21.4.0] AndroidManifest.xml:31:13-33:85
203                android:name="com.google.firebase.components:com.google.firebase.remoteconfig.RemoteConfigRegistrar"
203-->[com.google.firebase:firebase-config:21.4.0] AndroidManifest.xml:32:17-117
204                android:value="com.google.firebase.components.ComponentRegistrar" />
204-->[com.google.firebase:firebase-config:21.4.0] AndroidManifest.xml:33:17-82
205            <meta-data
205-->[com.google.firebase:firebase-inappmessaging:20.3.2] AndroidManifest.xml:16:13-18:85
206                android:name="com.google.firebase.components:com.google.firebase.inappmessaging.FirebaseInAppMessagingRegistrar"
206-->[com.google.firebase:firebase-inappmessaging:20.3.2] AndroidManifest.xml:17:17-129
207                android:value="com.google.firebase.components.ComponentRegistrar" />
207-->[com.google.firebase:firebase-inappmessaging:20.3.2] AndroidManifest.xml:18:17-82
208            <meta-data
208-->[com.google.firebase:firebase-crashlytics:18.3.7] AndroidManifest.xml:17:13-19:85
209                android:name="com.google.firebase.components:com.google.firebase.crashlytics.CrashlyticsRegistrar"
209-->[com.google.firebase:firebase-crashlytics:18.3.7] AndroidManifest.xml:18:17-115
210                android:value="com.google.firebase.components.ComponentRegistrar" />
210-->[com.google.firebase:firebase-crashlytics:18.3.7] AndroidManifest.xml:19:17-82
211            <meta-data
211-->[com.google.firebase:firebase-abt:21.1.1] AndroidManifest.xml:12:13-14:85
212                android:name="com.google.firebase.components:com.google.firebase.abt.component.AbtRegistrar"
212-->[com.google.firebase:firebase-abt:21.1.1] AndroidManifest.xml:13:17-109
213                android:value="com.google.firebase.components.ComponentRegistrar" />
213-->[com.google.firebase:firebase-abt:21.1.1] AndroidManifest.xml:14:17-82
214            <meta-data
214-->[com.google.firebase:firebase-installations:17.1.3] AndroidManifest.xml:17:13-19:85
215                android:name="com.google.firebase.components:com.google.firebase.installations.FirebaseInstallationsRegistrar"
215-->[com.google.firebase:firebase-installations:17.1.3] AndroidManifest.xml:18:17-127
216                android:value="com.google.firebase.components.ComponentRegistrar" />
216-->[com.google.firebase:firebase-installations:17.1.3] AndroidManifest.xml:19:17-82
217            <meta-data
217-->[com.google.firebase:firebase-datatransport:18.1.8] AndroidManifest.xml:27:13-29:85
218                android:name="com.google.firebase.components:com.google.firebase.datatransport.TransportRegistrar"
218-->[com.google.firebase:firebase-datatransport:18.1.8] AndroidManifest.xml:28:17-115
219                android:value="com.google.firebase.components.ComponentRegistrar" />
219-->[com.google.firebase:firebase-datatransport:18.1.8] AndroidManifest.xml:29:17-82
220        </service>
221
222        <activity
222-->[com.google.android.gms:play-services-auth:20.5.0] AndroidManifest.xml:23:9-27:75
223            android:name="com.google.android.gms.auth.api.signin.internal.SignInHubActivity"
223-->[com.google.android.gms:play-services-auth:20.5.0] AndroidManifest.xml:24:13-93
224            android:excludeFromRecents="true"
224-->[com.google.android.gms:play-services-auth:20.5.0] AndroidManifest.xml:25:13-46
225            android:exported="false"
225-->[com.google.android.gms:play-services-auth:20.5.0] AndroidManifest.xml:26:13-37
226            android:theme="@android:style/Theme.Translucent.NoTitleBar" />
226-->[com.google.android.gms:play-services-auth:20.5.0] AndroidManifest.xml:27:13-72
227        <!--
228            Service handling Google Sign-In user revocation. For apps that do not integrate with
229            Google Sign-In, this service will never be started.
230        -->
231        <service
231-->[com.google.android.gms:play-services-auth:20.5.0] AndroidManifest.xml:33:9-37:51
232            android:name="com.google.android.gms.auth.api.signin.RevocationBoundService"
232-->[com.google.android.gms:play-services-auth:20.5.0] AndroidManifest.xml:34:13-89
233            android:exported="true"
233-->[com.google.android.gms:play-services-auth:20.5.0] AndroidManifest.xml:35:13-36
234            android:permission="com.google.android.gms.auth.api.signin.permission.REVOCATION_NOTIFICATION"
234-->[com.google.android.gms:play-services-auth:20.5.0] AndroidManifest.xml:36:13-107
235            android:visibleToInstantApps="true" />
235-->[com.google.android.gms:play-services-auth:20.5.0] AndroidManifest.xml:37:13-48
236
237        <activity
237-->[com.google.firebase:firebase-auth:22.0.0] AndroidManifest.xml:29:9-46:20
238            android:name="com.google.firebase.auth.internal.GenericIdpActivity"
238-->[com.google.firebase:firebase-auth:22.0.0] AndroidManifest.xml:30:13-80
239            android:excludeFromRecents="true"
239-->[com.google.firebase:firebase-auth:22.0.0] AndroidManifest.xml:31:13-46
240            android:exported="true"
240-->[com.google.firebase:firebase-auth:22.0.0] AndroidManifest.xml:32:13-36
241            android:launchMode="singleTask"
241-->[com.google.firebase:firebase-auth:22.0.0] AndroidManifest.xml:33:13-44
242            android:theme="@android:style/Theme.Translucent.NoTitleBar" >
242-->[com.google.firebase:firebase-auth:22.0.0] AndroidManifest.xml:34:13-72
243            <intent-filter>
243-->[com.google.firebase:firebase-auth:22.0.0] AndroidManifest.xml:35:13-45:29
244                <action android:name="android.intent.action.VIEW" />
244-->[com.google.firebase:firebase-inappmessaging-display:20.3.2] AndroidManifest.xml:14:13-65
244-->[com.google.firebase:firebase-inappmessaging-display:20.3.2] AndroidManifest.xml:14:21-62
245
246                <category android:name="android.intent.category.DEFAULT" />
246-->[com.google.firebase:firebase-auth:22.0.0] AndroidManifest.xml:38:17-76
246-->[com.google.firebase:firebase-auth:22.0.0] AndroidManifest.xml:38:27-73
247                <category android:name="android.intent.category.BROWSABLE" />
247-->[com.google.firebase:firebase-auth:22.0.0] AndroidManifest.xml:39:17-78
247-->[com.google.firebase:firebase-auth:22.0.0] AndroidManifest.xml:39:27-75
248
249                <data
249-->src/main/AndroidManifest.xml:49:13-73
250                    android:host="firebase.auth"
251                    android:path="/"
252                    android:scheme="genericidp" />
252-->src/main/AndroidManifest.xml:49:46-70
253            </intent-filter>
254        </activity>
255        <activity
255-->[com.google.firebase:firebase-auth:22.0.0] AndroidManifest.xml:47:9-64:20
256            android:name="com.google.firebase.auth.internal.RecaptchaActivity"
256-->[com.google.firebase:firebase-auth:22.0.0] AndroidManifest.xml:48:13-79
257            android:excludeFromRecents="true"
257-->[com.google.firebase:firebase-auth:22.0.0] AndroidManifest.xml:49:13-46
258            android:exported="true"
258-->[com.google.firebase:firebase-auth:22.0.0] AndroidManifest.xml:50:13-36
259            android:launchMode="singleTask"
259-->[com.google.firebase:firebase-auth:22.0.0] AndroidManifest.xml:51:13-44
260            android:theme="@android:style/Theme.Translucent.NoTitleBar" >
260-->[com.google.firebase:firebase-auth:22.0.0] AndroidManifest.xml:52:13-72
261            <intent-filter>
261-->[com.google.firebase:firebase-auth:22.0.0] AndroidManifest.xml:53:13-63:29
262                <action android:name="android.intent.action.VIEW" />
262-->[com.google.firebase:firebase-inappmessaging-display:20.3.2] AndroidManifest.xml:14:13-65
262-->[com.google.firebase:firebase-inappmessaging-display:20.3.2] AndroidManifest.xml:14:21-62
263
264                <category android:name="android.intent.category.DEFAULT" />
264-->[com.google.firebase:firebase-auth:22.0.0] AndroidManifest.xml:38:17-76
264-->[com.google.firebase:firebase-auth:22.0.0] AndroidManifest.xml:38:27-73
265                <category android:name="android.intent.category.BROWSABLE" />
265-->[com.google.firebase:firebase-auth:22.0.0] AndroidManifest.xml:39:17-78
265-->[com.google.firebase:firebase-auth:22.0.0] AndroidManifest.xml:39:27-75
266
267                <data
267-->src/main/AndroidManifest.xml:49:13-73
268                    android:host="firebase.auth"
269                    android:path="/"
270                    android:scheme="recaptcha" />
270-->src/main/AndroidManifest.xml:49:46-70
271            </intent-filter>
272        </activity>
273
274        <receiver
274-->[com.google.firebase:firebase-messaging:23.1.2] AndroidManifest.xml:31:9-38:20
275            android:name="com.google.firebase.iid.FirebaseInstanceIdReceiver"
275-->[com.google.firebase:firebase-messaging:23.1.2] AndroidManifest.xml:32:13-78
276            android:exported="true"
276-->[com.google.firebase:firebase-messaging:23.1.2] AndroidManifest.xml:33:13-36
277            android:permission="com.google.android.c2dm.permission.SEND" >
277-->[com.google.firebase:firebase-messaging:23.1.2] AndroidManifest.xml:34:13-73
278            <intent-filter>
278-->[com.google.firebase:firebase-messaging:23.1.2] AndroidManifest.xml:35:13-37:29
279                <action android:name="com.google.android.c2dm.intent.RECEIVE" />
279-->[com.google.firebase:firebase-messaging:23.1.2] AndroidManifest.xml:36:17-81
279-->[com.google.firebase:firebase-messaging:23.1.2] AndroidManifest.xml:36:25-78
280            </intent-filter>
281        </receiver>
282        <!--
283             FirebaseMessagingService performs security checks at runtime,
284             but set to not exported to explicitly avoid allowing another app to call it.
285        -->
286        <service
286-->[com.google.firebase:firebase-messaging:23.1.2] AndroidManifest.xml:44:9-51:19
287            android:name="com.google.firebase.messaging.FirebaseMessagingService"
287-->[com.google.firebase:firebase-messaging:23.1.2] AndroidManifest.xml:45:13-82
288            android:directBootAware="true"
288-->[com.google.firebase:firebase-messaging:23.1.2] AndroidManifest.xml:46:13-43
289            android:exported="false" >
289-->[com.google.firebase:firebase-messaging:23.1.2] AndroidManifest.xml:47:13-37